Type of Pistols: 0.30
Name: akjdflaj
Aadhaar Card Number: lsdjflsj
PAN Card Number: jdfljs
UIN Number: lflsjfl
License Renewed Validity Date: 2033-12-12
Email: jjjjjjjjj@j.jj
Phone Number: jjjjjjjjjjjjjj
Address: jjjjjjjjjjjjjjjjjjj jjjjjjjjj j j jj jj jjj jj jjjjjjjjjjj   jjjjjjjj
=================================================
Type of Pistols: 0.30
Name: lkasjdfljsdlfjsdjf
Aadhaar Card Number: jslkdfsjdflkj
PAN Card Number: ljflksjdfjsjl
UIN Number: jlfjlsdjflkj
License Renewed Validity Date: 2033-12-12
Email: jf@fl.kf
Phone Number: 9798898978
Address: jdfkjlsdkfjasdjljsdfsljlskjf
=================================================
Type of Pistols: 0.30
Name: fjlsjdjf
Aadhaar Card Number: ldsfjlsj
PAN Card Number: lkslsdfjl
UIN Number: kjsfjsldj
License Renewed Validity Date: 2099-12-12
Email: sfjsl@em.ls
Phone Number: jflsjdflj
Address: sdlfjsldfjslkjdfl
=================================================
